$ lua cluster.lua -g out

0	0	{8 304 193 4732 18.5 70 1 10}
50	0.17	{8 318 150 4457 13.5 74 1 10}
100	0.28	{6 232 100 2901 16 74 1 20}
150	0.38	{8 351 138 3955 13.2 79 1 20}
200	0.55	{4 122 96 2300 15.5 77 1 30}
250	0.68	{4 119 82 2720 19.4 82 1 30}
300	0.71	{4 119 97 2545 17 75 3 20}
350	0.79	{4 146 67 3250 21.8 80 2 30}
✅ pass:	around
✅ pass:	clone
398  {:Acc+ 15.6 :Lbs- 2970.4 :Mpg+ 23.8}
| 199  
| | 99  
| | | 49  
| | | | 24  {:Acc+ 17.3 :Lbs- 2623.5 :Mpg+ 30.4}
| | | | 25  {:Acc+ 16.3 :Lbs- 2693.4 :Mpg+ 29.2}
| | | 50  
| | | | 25  {:Acc+ 15.8 :Lbs- 2446.1 :Mpg+ 27.2}
| | | | 25  {:Acc+ 16.7 :Lbs- 2309.2 :Mpg+ 26.0}
| | 100  
| | | 50  
| | | | 25  {:Acc+ 16.2 :Lbs- 2362.5 :Mpg+ 32.0}
| | | | 25  {:Acc+ 16.4 :Lbs- 2184.1 :Mpg+ 34.8}
| | | 50  
| | | | 25  {:Acc+ 16.2 :Lbs- 2185.8 :Mpg+ 29.6}
| | | | 25  {:Acc+ 16.3 :Lbs- 2179.4 :Mpg+ 26.4}
| 199  
| | 99  
| | | 49  
| | | | 24  {:Acc+ 16.6 :Lbs- 2716.9 :Mpg+ 22.5}
| | | | 25  {:Acc+ 16.1 :Lbs- 3063.5 :Mpg+ 20.4}
| | | 50  
| | | | 25  {:Acc+ 17.4 :Lbs- 3104.6 :Mpg+ 21.6}
| | | | 25  {:Acc+ 16.3 :Lbs- 3145.6 :Mpg+ 22.0}
| | 100  
| | | 50  
| | | | 25  {:Acc+ 12.4 :Lbs- 4320.5 :Mpg+ 12.4}
| | | | 25  {:Acc+ 11.3 :Lbs- 4194.2 :Mpg+ 12.8}
| | | 50  
| | | | 25  {:Acc+ 13.7 :Lbs- 4143.1 :Mpg+ 18.0}
| | | | 25  {:Acc+ 14.4 :Lbs- 3830.2 :Mpg+ 16.4}
✅ pass:	cluster
✅ pass:	data
199	199	398
{4 105 74 2190 14.2 81 2 30}	0.7061917764867
{4 98 83 2075 15.9 77 1 30}
{6 250 88 3139 14.5 71 1 20}
✅ pass:	half
✅ pass:	num
398  {:Acc+ 15.6 :Lbs- 2970.4 :Mpg+ 23.8}
| 199  
| | 100  
| | | 50  
| | | | 25  {:Acc+ 17.2 :Lbs- 2001.0 :Mpg+ 33.2}
✅ pass:	optimize
✅ pass:	sym
{:Far 0.95 :Sample 512 :dump false :file ../etc/data/auto93.csv :go all :help false :min 0.5 :p 2 :seed 937162211}
✅ pass:	the
