
sk
	1	rx1	--*-               |                     {  8.34,   9.06,   9.69,  10.52,  10.92}
	1	rx7	--*-               |                     {  7.97,   8.78,   9.76,  10.08,  10.73}
	1	rx6	--*-               |                     {  7.66,   9.24,   9.80,  10.44,  11.11}
	1	rx2	--*-               |                     {  8.08,   9.38,   9.80,  10.74,  11.18}
	1	rx10	--*-               |                     {  8.38,   9.13,  10.16,  10.31,  10.99}
	2	rx3	          --*-     |                     { 18.20,  19.32,  19.90,  20.66,  21.07}
	3	rx5	                   |  *--                { 29.04,  29.52,  29.81,  30.27,  30.97}
	3	rx4	                   | --*-                { 28.84,  29.59,  30.06,  30.26,  31.20}
	4	rx8	                   |            -*-      { 38.98,  39.56,  40.13,  40.44,  41.11}
	4	rx9	                   |         ---  *--    { 35.91,  38.26,  40.60,  41.61,  43.39}

basic
		truee	true	true
		false	false	false
		false	false	false

ok

num
	10	5.5	3.0276503540975

six
rx1	1	----------         *                   - { 99.00,  99.50, 100.00, 101.00, 101.00}
rx3	1	----------         *                   - { 99.00,  99.50, 100.00, 101.00, 101.00}
rx2	1	-------------------*                   - { 99.00, 100.00, 100.00, 101.00, 101.00}
rx4	1	-------------------*                   - { 99.00, 100.00, 100.00, 101.00, 101.00}

five
rx5	1	-   *   -------    |                     {  0.10,   0.10,   0.20,   0.30,   0.40}
rx3	1	 -    *    ----    |                     {  0.15,   0.15,   0.25,   0.35,   0.40}
rx1	2	           -      *|-----                {  0.34,   0.34,   0.49,   0.51,   0.60}
rx2	3	                   |    -    *    ------ {  0.60,   0.60,   0.70,   0.80,   0.90}
rx4	3	                   |    -    *    ------ {  0.60,   0.60,   0.70,   0.80,   0.90}

pre

eg3
		1	true	true	true
		1.05	true	true	true
		1.1	false	false	true
		1.15	false	false	true
		1.2	false	false	true
		1.25	false	false	true
		1.3	false	false	true
		1.35	false	false	true
		1.4	false	false	true
		1.45	false	false	true

bootsd
	mu	sd	cliffs	boot	both
	--	--	------	----	----
	12	1	false	false	false
	12	2	false	false	false
	12	3	false	false	false
	12	4	false	false	false
	12	5	true	false	false
	12	6	true	false	false
	12	7	true	true	true
	12	8	true	false	false
	12	9	true	false	false
	12	10	true	false	false

sample
	beade
	ceecb
	cdcea
	eecba
	bcecc
	aeddd
	becae
	ceead
	dcaeb
	bbedb

gauss
	10000	9.9942281899452	1.9932113919898

bootmu
	mu	sd	cliffs	boot	both
	--	--	------	----	----
	10.0	1	true	true	true
	10.1	1	true	false	false
	10.2	1	true	false	false
	10.3	1	true	false	false
	10.4	1	true	false	false
	10.5	1	true	false	false
	10.6	1	true	false	false
	10.7	1	true	false	false
	10.8	1	false	false	false
	10.9	1	false	false	false
	11.0	1	false	false	false
